<?xml version="1.0" encoding="UTF-8"?>
<!-- Generated by org.testng.reporters.JUnitReportReporter -->
<testsuite hostname="DESKTOP-IPVOHCG" failures="0" tests="1" name="mavendemo.tests.MavenTest1" time="3.361" errors="0" timestamp="2025-08-05T19:51:43 IST" skipped="0">
  <testcase classname="mavendemo.tests.MavenTest1" name="setUp" time="3.361"/>
</testsuite> <!-- mavendemo.tests.MavenTest1 -->
